[10732:16700:0305/151140.350:WARNING:chrome_main_delegate.cc(745)] This is Chrome version 128.0.6613.138 (not a warning)
[10732:16700:0305/151140.370:ERROR:os_crypt_win.cc(100)] Failed to decrypt: Key not valid for use in specified state. (0x8009000B)
[10732:1944:0305/151140.394:ERROR:google_update_settings.cc(265)] Failed opening key Software\Chromium to set usagestats; result: 5
[10732:16700:0305/151140.407:WARNING:account_consistency_mode_manager.cc(77)] Desktop Identity Consistency cannot be enabled as no OAuth client ID and client secret have been configured.
[10732:30052:0305/151142.745:WARNING:leveldb_database.cc(141)] Unable to open C:\Users\shodyl\Downloads\repo\MimeGameDesignWeekWinter2026\UnrealFirstPerson 5.7\Saved\webcache_6613\Default\shared_proto_db\metadata: IO error: C:\Users\shodyl\Downloads\repo\MimeGameDesignWeekWinter2026\UnrealFirstPerson 5.7\Saved\webcache_6613\Default\shared_proto_db\metadata/MANIFEST-000001: Unable to create sequential file (ChromeMethodBFE: 7::NewSequentialFile::1)
[10732:30052:0305/151142.750:WARNING:leveldb_database.cc(141)] Unable to open C:\Users\shodyl\Downloads\repo\MimeGameDesignWeekWinter2026\UnrealFirstPerson 5.7\Saved\webcache_6613\Default\shared_proto_db\metadata: IO error: C:\Users\shodyl\Downloads\repo\MimeGameDesignWeekWinter2026\UnrealFirstPerson 5.7\Saved\webcache_6613\Default\shared_proto_db\metadata/MANIFEST-000001: Unable to create sequential file (ChromeMethodBFE: 7::NewSequentialFile::1)
[10732:30052:0305/151142.753:WARNING:leveldb_database.cc(141)] Unable to open C:\Users\shodyl\Downloads\repo\MimeGameDesignWeekWinter2026\UnrealFirstPerson 5.7\Saved\webcache_6613\Default\shared_proto_db\metadata: IO error: C:\Users\shodyl\Downloads\repo\MimeGameDesignWeekWinter2026\UnrealFirstPerson 5.7\Saved\webcache_6613\Default\shared_proto_db\metadata/MANIFEST-000001: Unable to create sequential file (ChromeMethodBFE: 7::NewSequentialFile::1)
[10732:30052:0305/151142.757:WARNING:leveldb_database.cc(141)] Unable to open C:\Users\shodyl\Downloads\repo\MimeGameDesignWeekWinter2026\UnrealFirstPerson 5.7\Saved\webcache_6613\Default\shared_proto_db\metadata: IO error: C:\Users\shodyl\Downloads\repo\MimeGameDesignWeekWinter2026\UnrealFirstPerson 5.7\Saved\webcache_6613\Default\shared_proto_db\metadata/MANIFEST-000001: Unable to create sequential file (ChromeMethodBFE: 7::NewSequentialFile::1)
[10732:30052:0305/151143.269:WARNING:value_store_frontend.cc(47)] Reading ahfgeienlihckogmohjhadlkjgocpleb.alarms from  failed: IO error: .../MANIFEST-000001: Unable to create sequential file (ChromeMethodBFE: 7::NewSequentialFile::1)
[10732:30052:0305/151143.272:WARNING:value_store_frontend.cc(47)] Reading mhjfbmdgcfjbbpaeojofohoefgiehjai.alarms from  failed: IO error: .../MANIFEST-000001: Unable to create sequential file (ChromeMethodBFE: 7::NewSequentialFile::1)
[5560:15212:0305/151143.562:WARNING:frame_impl.cc(430)] virtual CefFrameImpl::SendProcessMessage sent to detached frame 5-BC2A4D1FC2A95B4B962DC991B341A74F will be ignored
[18396:21496:0305/151143.701:ERROR:backend_impl.cc(989)] Critical error found -8
[18396:21496:0305/151143.701:ERROR:entry_impl.cc(1029)] No file for b2020028
[18396:21496:0305/151143.701:WARNING:storage_block-inl.h(138)] Failed data load.
[18396:21496:0305/151143.703:ERROR:entry_impl.cc(955)] Failed to save user data
[18396:21496:0305/151143.718:WARNING:storage_block-inl.h(138)] Failed data load.
[18396:21496:0305/151143.718:WARNING:storage_block-inl.h(138)] Failed data load.
[18396:21496:0305/151143.718:WARNING:storage_block-inl.h(138)] Failed data load.
[18396:21496:0305/151143.718:WARNING:storage_block-inl.h(138)] Failed data load.
[18396:21496:0305/151143.733:WARNING:storage_block-inl.h(138)] Failed data load.
[18396:21496:0305/151143.733:WARNING:storage_block-inl.h(138)] Failed data load.
[18396:21496:0305/151143.739:WARNING:storage_block-inl.h(138)] Failed data load.
[18396:21496:0305/151143.739:WARNING:storage_block-inl.h(138)] Failed data load.
[18396:21496:0305/151143.739:ERROR:entry_impl.cc(955)] Failed to save user data
[10732:7408:0305/151146.833:WARNING:leveldb_database.cc(141)] Unable to open C:\Users\shodyl\Downloads\repo\MimeGameDesignWeekWinter2026\UnrealFirstPerson 5.7\Saved\webcache_6613\Default\GCM Store\Encryption: IO error: C:\Users\shodyl\Downloads\repo\MimeGameDesignWeekWinter2026\UnrealFirstPerson 5.7\Saved\webcache_6613\Default\GCM Store\Encryption/MANIFEST-000001: Unable to create sequential file (ChromeMethodBFE: 7::NewSequentialFile::1)
[10732:16700:0305/154225.162:WARNING:pref_notifier_impl.cc(41)] Pref observer for media_router.cast_allow_all_ips found at shutdown.
